<?xml version="1.0" encoding="UTF-8"?>
<testsuite name="ImmutabilityTests" tests="1" skipped="0" failures="0" errors="0" timestamp="2023-03-02T17:16:01" hostname="DESKTOP-66MSBAD" time="0.125">
  <properties/>
  <testcase name="start" classname="ImmutabilityTests" time="0.125"/>
  <system-out><![CDATA[?[1;31m
Start test 1?[0m
?[1;31m
Start test 2?[0m
?[1;31m
Start test 3?[0m
?[1;31m
Start test 4?[0m
?[1;31m
Start test 5?[0m
]]></system-out>
  <system-err><![CDATA[]]></system-err>
</testsuite>
